<?xml version="1.0" encoding="UTF-8"?>
<testng-results skipped="0" failed="1" ignored="1" total="3" passed="1">
  <reporter-output>
  </reporter-output>
  <suite name="Default suite" duration-ms="12094" started-at="2020-10-29T07:07:08Z" finished-at="2020-10-29T07:07:20Z">
    <groups>
    </groups>
    <test name="Default test" duration-ms="12094" started-at="2020-10-29T07:07:08Z" finished-at="2020-10-29T07:07:20Z">
      <class name="org.grooton.TestRunner">
        <test-method status="PASS" signature="Lunchbrowser()[pri:0, instance:org.grooton.TestRunner@5b0abc94]" name="Lunchbrowser" is-config="true" duration-ms="5302" started-at="2020-10-29T07:07:02Z" finished-at="2020-10-29T07:07:08Z">
          <reporter-output>
          </reporter-output>
        </test-method> <!-- Lunchbrowser -->
        <test-method status="PASS" signature="url()[pri:0, instance:org.grooton.TestRunner@5b0abc94]" name="url" is-config="true" duration-ms="3089" started-at="2020-10-29T07:07:08Z" finished-at="2020-10-29T07:07:11Z">
          <reporter-output>
          </reporter-output>
        </test-method> <!-- url -->
        <test-method status="PASS" signature="maxwin()[pri:0, instance:org.grooton.TestRunner@5b0abc94]" name="maxwin" is-config="true" duration-ms="5071" started-at="2020-10-29T07:07:11Z" finished-at="2020-10-29T07:07:16Z">
          <reporter-output>
          </reporter-output>
        </test-method> <!-- maxwin -->
        <test-method status="PASS" signature="tc1()[pri:0, instance:org.grooton.TestRunner@5b0abc94]" name="tc1" duration-ms="1454" started-at="2020-10-29T07:07:16Z" finished-at="2020-10-29T07:07:17Z">
          <reporter-output>
          </reporter-output>
        </test-method> <!-- tc1 -->
        <test-method status="FAIL" signature="tc2()[pri:0, instance:org.grooton.TestRunner@5b0abc94]" name="tc2" duration-ms="2402" started-at="2020-10-29T07:07:17Z" finished-at="2020-10-29T07:07:20Z">
          <exception class="java.lang.NullPointerException">
            <full-stacktrace>
              <![CDATA[java.lang.NullPointerException
at org.grooton.FuntionalityMethods.excelupdate(FuntionalityMethods.java:148)
at org.grooton.TestRunner.tc2(TestRunner.java:57)
at sun.reflect.NativeMethodAccessorImpl.invoke0(Native Method)
at sun.reflect.NativeMethodAccessorImpl.invoke(NativeMethodAccessorImpl.java:62)
at sun.reflect.DelegatingMethodAccessorImpl.invoke(DelegatingMethodAccessorImpl.java:43)
at java.lang.reflect.Method.invoke(Method.java:498)
at org.testng.internal.MethodInvocationHelper.invokeMethod(MethodInvocationHelper.java:124)
at org.testng.internal.Invoker.invokeMethod(Invoker.java:583)
at org.testng.internal.Invoker.invokeTestMethod(Invoker.java:719)
at org.testng.internal.Invoker.invokeTestMethods(Invoker.java:989)
at org.testng.internal.TestMethodWorker.invokeTestMethods(TestMethodWorker.java:125)
at org.testng.internal.TestMethodWorker.run(TestMethodWorker.java:109)
at org.testng.TestRunner.privateRun(TestRunner.java:648)
at org.testng.TestRunner.run(TestRunner.java:505)
at org.testng.SuiteRunner.runTest(SuiteRunner.java:455)
at org.testng.SuiteRunner.runSequentially(SuiteRunner.java:450)
at org.testng.SuiteRunner.privateRun(SuiteRunner.java:415)
at org.testng.SuiteRunner.run(SuiteRunner.java:364)
at org.testng.SuiteRunnerWorker.runSuite(SuiteRunnerWorker.java:52)
at org.testng.SuiteRunnerWorker.run(SuiteRunnerWorker.java:84)
at org.testng.TestNG.runSuitesSequentially(TestNG.java:1208)
at org.testng.TestNG.runSuitesLocally(TestNG.java:1137)
at org.testng.TestNG.runSuites(TestNG.java:1049)
at org.testng.TestNG.run(TestNG.java:1017)
at org.testng.remote.AbstractRemoteTestNG.run(AbstractRemoteTestNG.java:115)
at org.testng.remote.RemoteTestNG.initAndRun(RemoteTestNG.java:251)
at org.testng.remote.RemoteTestNG.main(RemoteTestNG.java:77)
]]>
            </full-stacktrace>
          </exception> <!-- java.lang.NullPointerException -->
          <reporter-output>
          </reporter-output>
        </test-method> <!-- tc2 -->
        <test-method status="PASS" signature="aftersuite()[pri:0, instance:org.grooton.TestRunner@5b0abc94]" name="aftersuite" is-config="true" duration-ms="1460" started-at="2020-10-29T07:07:20Z" finished-at="2020-10-29T07:07:21Z">
          <reporter-output>
          </reporter-output>
        </test-method> <!-- aftersuite -->
      </class> <!-- org.grooton.TestRunner -->
    </test> <!-- Default test -->
  </suite> <!-- Default suite -->
</testng-results>
